#
# A fatal error has been detected by the Java Runtime Environment:
#
#  SIGSEGV (0xb) at pc=0x00007f2d4cf2a338, pid=27582, tid=139832553793280
#
# JRE version: Java(TM) SE Runtime Environment (8.0_66-b17) (build 1.8.0_66-b17)
# Java VM: Java HotSpot(TM) 64-Bit Server VM (25.66-b17 mixed mode linux-amd64 compressed oops)
# Problematic frame:
# C  0x00007f2d4cf2a338
#
# Failed to write core dump. Core dumps have been disabled. To enable core dumping, try "ulimit -c unlimited" before starting Java again
#
# If you would like to submit a bug report, please visit:
#   http://bugreport.java.com/bugreport/crash.jsp
#

---------------  T H R E A D  ---------------

Current thread (0x00007f2d48021000):  GCTaskThread [stack: 0x00007f2d4da26000,0x00007f2d4db27000] [id=27589]

siginfo: si_signo: 11 (SIGSEGV), si_code: 2 (SEGV_ACCERR), si_addr: 0x00007f2d4cf2a338

Registers:
RAX=0x00000000c5f2a2b9, RBX=0x00000000c3d49250, RCX=0x0000000000000003, RDX=0x00000000c3d49250
RSP=0x00007f2d4db2a9a9, RBP=0x00007f2d4db25a40, RSI=0x00007f2d4807d440, RDI=0x0000000100082a18
R8 =0x00007f2d4dd9ca81, R9 =0x00007f2d50690190, R10=0x00007f2d4db25930, R11=0x00007f2d4db25940
R12=0x00000000c3d50328, R13=0x00007f2d4dd9ca82, R14=0x00007f2d4801ad00, R15=0x00007f2d4dd9ca82
RIP=0x00007f2d4cf2a338, EFLAGS=0x0000000000010a93, CSGSFS=0x0000000000000033, ERR=0x0000000000000015
  TRAPNO=0x000000000000000e

Top of Stack: (sp=0x00007f2d4db2a9a9)
0x00007f2d4db2a9a9:   0000000000000000 0000000000000000
0x00007f2d4db2a9b9:   0000000000000000 0000000000000000
0x00007f2d4db2a9c9:   0000000000000000 0000000000000000
0x00007f2d4db2a9d9:   0000000000000000 0000000000000000
0x00007f2d4db2a9e9:   0000000000000000 0000000000000000
0x00007f2d4db2a9f9:   0000000000000000 0000000000000000
0x00007f2d4db2aa09:   0000000000000000 0000000000000000
0x00007f2d4db2aa19:   0000000000000000 0000000000000000
0x00007f2d4db2aa29:   0000000000000000 0000000000000000
0x00007f2d4db2aa39:   0000000000000000 0000000000000000
0x00007f2d4db2aa49:   0000000000000000 0000000000000000
0x00007f2d4db2aa59:   0000000000000000 0000000000000000
0x00007f2d4db2aa69:   0000000000000000 0000000000000000
0x00007f2d4db2aa79:   0000000000000000 0000000000000000
0x00007f2d4db2aa89:   0000000000000000 0000000000000000
0x00007f2d4db2aa99:   0000000000000000 0000000000000000
0x00007f2d4db2aaa9:   0000000000000000 0000000000000000
0x00007f2d4db2aab9:   0000000000000000 0000000000000000
0x00007f2d4db2aac9:   0000000000000000 0000000000000000
0x00007f2d4db2aad9:   0000000000000000 0000000000000000
0x00007f2d4db2aae9:   0000000000000000 0000000000000000
0x00007f2d4db2aaf9:   0000000000000000 0000000000000000
0x00007f2d4db2ab09:   0000000000000000 0000000000000000
0x00007f2d4db2ab19:   0000000000000000 0000000000000000
0x00007f2d4db2ab29:   0000000000000000 0000000000000000
0x00007f2d4db2ab39:   0000000000000000 0000000000000000
0x00007f2d4db2ab49:   0000000000000000 0000000000000000
0x00007f2d4db2ab59:   0000000000000000 0000000000000000
0x00007f2d4db2ab69:   0000000000000000 0000000000000000
0x00007f2d4db2ab79:   0000000000000000 0000000000000000
0x00007f2d4db2ab89:   0000000000000000 0000000000000000
0x00007f2d4db2ab99:   0000000000000000 0000000000000000 

Instructions: (pc=0x00007f2d4cf2a338)
0x00007f2d4cf2a318:   f0 f4 25 48 2d 7f 00 00 06 00 00 00 02 00 2e 00
0x00007f2d4cf2a328:   2f 00 00 00 61 00 00 00 00 00 00 00 00 00 00 00
0x00007f2d4cf2a338:   0d 00 00 00 00 00 00 00 20 a8 f2 4c 2d 7f 00 00
0x00007f2d4cf2a348:   e8 ab f2 4c 2d 7f 00 00 e8 ad f2 4c 2d 7f 00 00 

Register to memory mapping:

RAX=0x00000000c5f2a2b9 is pointing into object: 0x00000000c5f2a220
[Ljava.lang.Object; 
 - klass: 'java/lang/Object'[]
 - length: 62
RBX=
[error occurred during error reporting (printing register info), id 0xb]

Stack: [0x00007f2d4da26000,0x00007f2d4db27000],  sp=0x00007f2d4db2a9a9,  free space=1042k
Native frames: (J=compiled Java code, j=interpreted, Vv=VM code, C=native code)
C